Application startup exception: AutoMapper.AutoMapperConfigurationException: Custom configuration for members is only supported for top-level individual members on a type.
   at AutoMapper.Internal.ReflectionHelper.FindProperty(LambdaExpression lambdaExpression)
   at AutoMapper.Configuration.MappingExpression`2.ForMember[TMember](Expression`1 destinationMember, Action`1 memberOptions)
   at CsomorGenerator.Profiles.CsomorProfile..ctor() in W:\repositories\ManagerAPI\CsomorGenerator\Profiles\CsomorProfile.cs:line 44
   at ManagerAPI.Backend.Startup.<>c.<ConfigureServices>b__4_1(IMapperConfigurationExpression x) in W:\repositories\ManagerAPI\ManagerAPI.Backend\Startup.cs:line 80
   at AutoMapper.MapperConfiguration.Build(Action`1 configure)
   at AutoMapper.MapperConfiguration..ctor(Action`1 configure)
   at ManagerAPI.Backend.Startup.ConfigureServices(IServiceCollection services) in W:\repositories\ManagerAPI\ManagerAPI.Backend\Startup.cs:line 64
   at System.RuntimeMethodHandle.InvokeMethod(Object target, Object[] arguments, Signature sig, Boolean constructor, Boolean wrapExceptions)
   at System.Reflection.RuntimeMethodInfo.Invoke(Object obj, BindingFlags invokeAttr, Binder binder, Object[] parameters, CultureInfo culture)
   at Microsoft.AspNetCore.Hosting.ConfigureServicesBuilder.InvokeCore(Object instance, IServiceCollection services)
   at Microsoft.AspNetCore.Hosting.ConfigureServicesBuilder.<>c__DisplayClass9_0.<Invoke>g__Startup|0(IServiceCollection serviceCollection)
   at Microsoft.AspNetCore.Hosting.StartupLoader.ConfigureServicesDelegateBuilder`1.<>c__DisplayClass15_0.<BuildStartupServicesFilterPipeline>g__RunPipeline|0(IServiceCollection services)
   at Microsoft.AspNetCore.Hosting.ConfigureServicesBuilder.Invoke(Object instance, IServiceCollection services)
   at Microsoft.AspNetCore.Hosting.ConfigureServicesBuilder.<>c__DisplayClass8_0.<Build>b__0(IServiceCollection services)
   at Microsoft.AspNetCore.Hosting.StartupLoader.ConfigureServicesDelegateBuilder`1.<>c__DisplayClass14_0.<ConfigureServices>g__ConfigureServicesWithContainerConfiguration|0(IServiceCollection services)
   at Microsoft.AspNetCore.Hosting.ConventionBasedStartup.ConfigureServices(IServiceCollection services)
   at Microsoft.AspNetCore.Hosting.WebHost.EnsureApplicationServices()
   at Microsoft.AspNetCore.Hosting.WebHost.Initialize()
--- End of stack trace from previous location where exception was thrown ---
   at Microsoft.AspNetCore.Hosting.WebHost.BuildApplication()
crit: Microsoft.AspNetCore.Hosting.WebHost[6]
      Application startup exception
AutoMapper.AutoMapperConfigurationException: Custom configuration for members is only supported for top-level individual members on a type.
   at AutoMapper.Internal.ReflectionHelper.FindProperty(LambdaExpression lambdaExpression)
   at AutoMapper.Configuration.MappingExpression`2.ForMember[TMember](Expression`1 destinationMember, Action`1 memberOptions)
   at CsomorGenerator.Profiles.CsomorProfile..ctor() in W:\repositories\ManagerAPI\CsomorGenerator\Profiles\CsomorProfile.cs:line 44
   at ManagerAPI.Backend.Startup.<>c.<ConfigureServices>b__4_1(IMapperConfigurationExpression x) in W:\repositories\ManagerAPI\ManagerAPI.Backend\Startup.cs:line 80
   at AutoMapper.MapperConfiguration.Build(Action`1 configure)
   at AutoMapper.MapperConfiguration..ctor(Action`1 configure)
   at ManagerAPI.Backend.Startup.ConfigureServices(IServiceCollection services) in W:\repositories\ManagerAPI\ManagerAPI.Backend\Startup.cs:line 64
   at System.RuntimeMethodHandle.InvokeMethod(Object target, Object[] arguments, Signature sig, Boolean constructor, Boolean wrapExceptions)
   at System.Reflection.RuntimeMethodInfo.Invoke(Object obj, BindingFlags invokeAttr, Binder binder, Object[] parameters, CultureInfo culture)
   at Microsoft.AspNetCore.Hosting.ConfigureServicesBuilder.InvokeCore(Object instance, IServiceCollection services)
   at Microsoft.AspNetCore.Hosting.ConfigureServicesBuilder.<>c__DisplayClass9_0.<Invoke>g__Startup|0(IServiceCollection serviceCollection)
   at Microsoft.AspNetCore.Hosting.StartupLoader.ConfigureServicesDelegateBuilder`1.<>c__DisplayClass15_0.<BuildStartupServicesFilterPipeline>g__RunPipeline|0(IServiceCollection services)
   at Microsoft.AspNetCore.Hosting.ConfigureServicesBuilder.Invoke(Object instance, IServiceCollection services)
   at Microsoft.AspNetCore.Hosting.ConfigureServicesBuilder.<>c__DisplayClass8_0.<Build>b__0(IServiceCollection services)
   at Microsoft.AspNetCore.Hosting.StartupLoader.ConfigureServicesDelegateBuilder`1.<>c__DisplayClass14_0.<ConfigureServices>g__ConfigureServicesWithContainerConfiguration|0(IServiceCollection services)
   at Microsoft.AspNetCore.Hosting.ConventionBasedStartup.ConfigureServices(IServiceCollection services)
   at Microsoft.AspNetCore.Hosting.WebHost.EnsureApplicationServices()
   at Microsoft.AspNetCore.Hosting.WebHost.Initialize()
--- End of stack trace from previous location where exception was thrown ---
   at Microsoft.AspNetCore.Hosting.WebHost.BuildApplication()
Hosting environment: Development
Content root path: W:\repositories\ManagerAPI\ManagerAPI.Backend
Now listening on: http://127.0.0.1:1576
Application started. Press Ctrl+C to shut down.
fail: Microsoft.AspNetCore.Server.Kestrel[13]
      Connection id "0HM2MU3RQ9JH8", Request id "0HM2MU3RQ9JH8:00000001": An unhandled exception was thrown by the application.
System.OverflowException: Arithmetic operation resulted in an overflow.
   at System.IO.StreamWriter.Write(String value)
   at Microsoft.AspNetCore.Hosting.Views.ErrorPage.ExecuteAsync()
   at Microsoft.Extensions.RazorViews.BaseView.ExecuteAsync(HttpContext context)
   at Microsoft.AspNetCore.Server.Kestrel.Core.Internal.Http.HttpProtocol.ProcessRequests[TContext](IHttpApplication`1 application)
fail: Microsoft.AspNetCore.Server.Kestrel[13]
      Connection id "0HM2MU3RQ9JH9", Request id "0HM2MU3RQ9JH9:00000001": An unhandled exception was thrown by the application.
System.OverflowException: Arithmetic operation resulted in an overflow.
   at System.IO.StreamWriter.Write(String value)
   at Microsoft.AspNetCore.Hosting.Views.ErrorPage.ExecuteAsync()
   at Microsoft.Extensions.RazorViews.BaseView.ExecuteAsync(HttpContext context)
   at Microsoft.AspNetCore.Server.Kestrel.Core.Internal.Http.HttpProtocol.ProcessRequests[TContext](IHttpApplication`1 application)
